2015-03-22 13:59:12 --> Got good Packet: login
2015-03-22 14:01:55 --> Got good Packet: login
2015-03-22 14:03:14 --> Got good Packet: login
2015-03-22 14:04:12 --> Got good Packet: register
2015-03-22 14:04:12 --> Added User: ['nolan', 'Nolan', 'Burfield', ''] to the system.
2015-03-22 14:04:31 --> Got good Packet: login
2015-03-22 14:05:07 --> Got good Packet: login
2015-03-22 14:05:58 --> Got good Packet: login
2015-03-22 14:09:18 --> Got good Packet: login
2015-03-22 14:19:28 --> Got good Packet: quit
2015-03-22 14:20:25 --> Got good Packet: login
2015-03-22 14:20:25 --> User nolan logged in.
2015-03-22 14:21:59 --> Got good Packet: login
2015-03-22 14:21:59 --> User nolan logged in.
2015-03-22 14:22:07 --> Got good Packet: quit
2015-03-22 14:22:07 --> User nolan logged out.
2015-03-22 15:00:58 --> Got good Packet: login
2015-03-22 15:00:58 --> User nolan logged in.
2015-03-22 15:06:42 --> Got good Packet: update
2015-03-22 15:06:42 --> Updated the user profile with - Body - <profile><info><user_id>nolan</user_id><first>Nolan</first><last>Burfield</last><updated></updated></info></profile>
2015-03-22 15:06:51 --> Got good Packet: quit
2015-03-22 15:06:51 --> User nolan logged out.
2015-03-22 15:23:09 --> Got good Packet: login
2015-03-22 15:23:09 --> User nolan logged in.
2015-03-22 15:23:23 --> Got good Packet: update
2015-03-22 15:23:23 --> Updated the user profile with - Time: SOMETIME Body - <profile><info><user_id>nolan</user_id><first>Nolan</first><last>Burfield</last><updated>SOMETIME</updated></info></profile>
2015-03-22 15:24:17 --> Got good Packet: update
2015-03-22 15:24:17 --> Updated the user profile with - Time: SOMETIME Body - <profile><info><user_id>nolan</user_id><first>NOLAN</first><last>Burfield</last><updated>SOMETIME</updated></info></profile>
2015-03-22 15:24:26 --> Got good Packet: quit
2015-03-22 15:24:26 --> User nolan logged out.
2015-03-22 15:48:56 --> Got good Packet: search
2015-03-22 15:48:56 --> Return search XML: <search>  <find ip=''><profile><info><user_id>nolan</user_id><first>NOLAN</first><last>Burfield</last><updated>SOMETIME</updated></info></profile>  </find></search> to the user.
2015-03-22 15:50:24 --> Got good Packet: quit
2015-03-22 15:50:44 --> Got good Packet: login
2015-03-22 15:50:44 --> User nolan logged in.
2015-03-22 15:50:48 --> Got good Packet: search
2015-03-22 15:50:48 --> Return search XML: <search>  <find ip='127.0.0.1'><profile><info><user_id>nolan</user_id><first>NOLAN</first><last>Burfield</last><updated>SOMETIME</updated></info></profile>  </find></search> to the user.
2015-03-22 15:51:12 --> Got good Packet: quit
2015-03-22 15:51:12 --> User nolan logged out.
2015-03-22 16:04:47 --> Got good Packet: search
2015-03-22 16:04:47 --> Return search XML: <search>  <find ip=''><profile><info><user_id>nolan</user_id><first>NOLAN</first><last>Burfield</last><updated>SOMETIME</updated></info></profile>  </find></search> to the user.
2015-03-22 16:19:17 --> Got good Packet: quit
2015-03-22 16:19:26 --> Got good Packet: search
2015-03-22 16:19:26 --> Return search XML: <search>  <find ip=''><profile><info><user_id>nolan</user_id><first>NOLAN</first><last>Burfield</last><updated>SOMETIME</updated></info></profile>  </find></search> to the user.
2015-03-22 16:19:50 --> Got good Packet: quit
2015-03-22 16:19:56 --> Got good Packet: search
2015-03-22 16:19:56 --> Return search XML: <search>  <find ip=''><profile><info><user_id>nolan</user_id><first>NOLAN</first><last>Burfield</last><updated>SOMETIME</updated></info></profile>  </find></search> to the user.
2015-03-22 16:22:13 --> Got good Packet: quit
2015-03-22 16:22:26 --> Got good Packet: search
2015-03-22 16:22:26 --> Return search XML: <search>  <find ip=''><profile><info><user_id>nolan</user_id><first>NOLAN</first><last>Burfield</last><updated>SOMETIME</updated></info></profile>  </find></search> to the user.
2015-03-22 16:24:46 --> Got good Packet: quit
2015-03-22 16:24:51 --> Got good Packet: search
2015-03-22 16:24:51 --> Return search XML: <search>  <find ip=''><profile><info><user_id>nolan</user_id><first>NOLAN</first><last>Burfield</last><updated>SOMETIME</updated></info></profile>  </find></search> to the user.
2015-03-22 16:25:08 --> Got good Packet: login
2015-03-22 16:25:08 --> User nolan logged in.
2015-03-22 16:25:12 --> Got good Packet: search
2015-03-22 16:25:12 --> Return search XML: <search>  <find ip='127.0.0.1'><profile><info><user_id>nolan</user_id><first>NOLAN</first><last>Burfield</last><updated>SOMETIME</updated></info></profile>  </find></search> to the user.
2015-03-22 16:25:19 --> Got good Packet: quit
2015-03-22 16:25:19 --> User nolan logged out.
2015-03-22 19:40:25 --> Got good Packet: login
2015-03-22 19:40:25 --> User nolan logged in.
2015-03-22 19:44:00 --> Got good Packet: search
2015-03-22 19:44:00 --> Return search XML: <search><find><ip>127.0.0.1</ip><profile><info><user_id>nolan</user_id><first>NOLAN</first><last>Burfield</last><updated>SOMETIME</updated></info></profile></find></search> to the user.
2015-03-22 19:44:15 --> Got good Packet: login
2015-03-22 19:44:15 --> User nolan logged in.
2015-03-22 19:44:21 --> Got good Packet: search
2015-03-22 19:44:21 --> Return search XML: <search><find><ip>127.0.0.1</ip><profile><info><user_id>nolan</user_id><first>NOLAN</first><last>Burfield</last><updated>SOMETIME</updated></info></profile></find></search> to the user.
2015-03-22 19:44:51 --> Got good Packet: quit
2015-03-22 19:44:51 --> User nolan logged out.
2015-03-22 19:45:41 --> Got good Packet: login
2015-03-22 19:45:41 --> User nolan logged in.
2015-03-22 19:45:48 --> Got good Packet: search
2015-03-22 19:45:48 --> Return search XML: <search><find><ip>127.0.0.1</ip><profile><info><user_id>nolan</user_id><first>NOLAN</first><last>Burfield</last><updated>SOMETIME</updated></info></profile></find></search> to the user.
2015-03-22 19:47:09 --> Got good Packet: quit
2015-03-22 19:47:09 --> User nolan logged out.
2015-03-22 19:47:13 --> Got good Packet: login
2015-03-22 19:47:13 --> User nolan logged in.
2015-03-22 19:47:22 --> Got good Packet: search
2015-03-22 19:47:22 --> Return search XML: <search><find><ip>127.0.0.1</ip><profile><info><user_id>nolan</user_id><first>NOLAN</first><last>Burfield</last><updated>SOMETIME</updated></info></profile></find></search> to the user.
2015-03-22 19:47:40 --> Got good Packet: login
2015-03-22 19:47:40 --> User nolan logged in.
2015-03-22 19:47:44 --> Got good Packet: search
2015-03-22 19:47:44 --> Return search XML: <search><find><ip>127.0.0.1</ip><profile><info><user_id>nolan</user_id><first>NOLAN</first><last>Burfield</last><updated>SOMETIME</updated></info></profile></find></search> to the user.
2015-03-22 19:47:52 --> Got good Packet: quit
2015-03-22 19:47:52 --> User nolan logged out.
2015-03-22 19:47:56 --> Got good Packet: login
2015-03-22 19:47:56 --> User nolan logged in.
2015-03-22 19:48:00 --> Got good Packet: search
2015-03-22 19:48:00 --> Return search XML: <search><find><ip>127.0.0.1</ip><profile><info><user_id>nolan</user_id><first>NOLAN</first><last>Burfield</last><updated>SOMETIME</updated></info></profile></find></search> to the user.
2015-03-22 19:48:54 --> Got good Packet: quit
2015-03-22 19:48:54 --> User nolan logged out.
2015-03-22 19:49:00 --> Got good Packet: login
2015-03-22 19:49:00 --> User nolan logged in.
2015-03-22 19:49:05 --> Got good Packet: search
2015-03-22 19:49:05 --> Return search XML: <search><find><ip>127.0.0.1</ip><profile><info><user_id>nolan</user_id><first>NOLAN</first><last>Burfield</last><updated>SOMETIME</updated></info></profile></find></search> to the user.
2015-03-22 19:49:27 --> Got good Packet: quit
2015-03-22 19:49:27 --> User nolan logged out.
2015-03-22 19:58:22 --> Got good Packet: login
2015-03-22 19:58:22 --> User nolan logged in.
2015-03-22 19:58:26 --> Got good Packet: search
2015-03-22 19:58:26 --> Return search XML: <search><find><ip>127.0.0.1</ip><profile><info><user_id>nolan</user_id><first>NOLAN</first><last>Burfield</last><updated>SOMETIME</updated></info></profile></find></search> to the user.
2015-03-22 19:59:29 --> Got good Packet: quit
2015-03-22 19:59:29 --> User nolan logged out.
2015-03-22 19:59:42 --> Got good Packet: login
2015-03-22 19:59:42 --> User nolan logged in.
2015-03-22 19:59:46 --> Got good Packet: search
2015-03-22 19:59:46 --> Return search XML: <search><find><ip>127.0.0.1</ip><profile><info><user_id>nolan</user_id><first>NOLAN</first><last>Burfield</last><updated>SOMETIME</updated></info></profile></find></search> to the user.
2015-03-22 20:01:19 --> Got good Packet: quit
2015-03-22 20:01:19 --> User nolan logged out.
2015-03-22 20:01:25 --> Got good Packet: login
2015-03-22 20:01:25 --> User nolan logged in.
2015-03-22 20:01:30 --> Got good Packet: search
2015-03-22 20:01:30 --> Return search XML: <search><find><ip>127.0.0.1</ip><profile><info><user_id>nolan</user_id><first>NOLAN</first><last>Burfield</last><updated>SOMETIME</updated></info></profile></find></search> to the user.
2015-03-22 20:02:03 --> Got good Packet: quit
2015-03-22 20:02:03 --> User nolan logged out.
2015-03-22 20:02:12 --> Got good Packet: login
2015-03-22 20:02:12 --> User nolan logged in.
2015-03-22 20:02:16 --> Got good Packet: search
2015-03-22 20:02:16 --> Return search XML: <search><find><ip>127.0.0.1</ip><profile><info><user_id>nolan</user_id><first>NOLAN</first><last>Burfield</last><updated>SOMETIME</updated></info></profile></find></search> to the user.
2015-03-22 20:02:30 --> Got good Packet: quit
2015-03-22 20:02:30 --> User nolan logged out.
2015-03-22 20:02:34 --> Got good Packet: login
2015-03-22 20:02:34 --> User nolan logged in.
2015-03-22 20:02:42 --> Got good Packet: search
2015-03-22 20:02:42 --> Return search XML: <search><find><ip>127.0.0.1</ip><profile><info><user_id>nolan</user_id><first>NOLAN</first><last>Burfield</last><updated>SOMETIME</updated></info></profile></find></search> to the user.
2015-03-22 20:07:02 --> Got good Packet: quit
2015-03-22 20:07:02 --> User nolan logged out.
2015-03-22 20:51:11 --> Got good Packet: login
2015-03-22 20:51:11 --> User nolan logged in.
2015-03-22 20:51:16 --> Got good Packet: search
2015-03-22 20:51:16 --> Return search XML: <search><find><ip>127.0.0.1</ip><profile><info><user_id>nolan</user_id><first>NOLAN</first><last>Burfield</last><updated>SOMETIME</updated></info></profile></find></search> to the user.
2015-03-22 20:52:19 --> Got good Packet: quit
2015-03-22 20:52:19 --> User nolan logged out.
2015-03-22 20:52:26 --> Got good Packet: login
2015-03-22 20:52:26 --> User nolan logged in.
2015-03-22 20:52:32 --> Got good Packet: search
2015-03-22 20:52:32 --> Return search XML: <search><find><ip>127.0.0.1</ip><profile><info><user_id>nolan</user_id><first>NOLAN</first><last>Burfield</last><updated>SOMETIME</updated></info></profile></find></search> to the user.
2015-03-22 20:53:32 --> Got good Packet: quit
2015-03-22 20:53:32 --> User nolan logged out.
2015-03-22 20:53:38 --> Got good Packet: login
2015-03-22 20:53:38 --> User nolan logged in.
2015-03-22 20:53:42 --> Got good Packet: search
2015-03-22 20:53:42 --> Return search XML: <search><find><ip>127.0.0.1</ip><profile><info><user_id>nolan</user_id><first>NOLAN</first><last>Burfield</last><updated>SOMETIME</updated></info></profile></find></search> to the user.
2015-03-22 20:54:12 --> Got good Packet: quit
2015-03-22 20:54:12 --> User nolan logged out.
2015-03-22 20:54:15 --> Got good Packet: login
2015-03-22 20:54:15 --> User nolan logged in.
2015-03-22 20:54:20 --> Got good Packet: search
2015-03-22 20:54:20 --> Return search XML: <search><find><ip>127.0.0.1</ip><profile><info><user_id>nolan</user_id><first>NOLAN</first><last>Burfield</last><updated>SOMETIME</updated></info></profile></find></search> to the user.
2015-03-22 20:55:00 --> Got good Packet: quit
2015-03-22 20:55:00 --> User nolan logged out.
2015-03-22 20:55:04 --> Got good Packet: login
2015-03-22 20:55:04 --> User nolan logged in.
2015-03-22 20:55:08 --> Got good Packet: search
2015-03-22 20:55:08 --> Return search XML: <search><find><ip>127.0.0.1</ip><profile><info><user_id>nolan</user_id><first>NOLAN</first><last>Burfield</last><updated>SOMETIME</updated></info></profile></find></search> to the user.
2015-03-22 20:59:38 --> Got good Packet: quit
2015-03-22 20:59:38 --> User nolan logged out.
2015-03-22 21:02:43 --> Got good Packet: login
2015-03-22 21:02:43 --> User nolan logged in.
2015-03-22 21:02:47 --> Got good Packet: search
2015-03-22 21:02:47 --> Return search XML: <search><find><ip>127.0.0.1</ip><profile><info><user_id>nolan</user_id><first>NOLAN</first><last>Burfield</last><updated>SOMETIME</updated></info></profile></find></search> to the user.
2015-03-22 21:02:47 --> Got good Packet: search
2015-03-22 21:02:47 --> Return search XML: <search></search> to the user.
2015-03-22 21:04:07 --> Got good Packet: quit
2015-03-22 21:04:07 --> User nolan logged out.
2015-03-22 21:04:10 --> Got good Packet: login
2015-03-22 21:04:10 --> User nolan logged in.
2015-03-22 21:04:14 --> Got good Packet: search
2015-03-22 21:04:14 --> Return search XML: <search><find><ip>127.0.0.1</ip><profile><info><user_id>nolan</user_id><first>NOLAN</first><last>Burfield</last><updated>SOMETIME</updated></info></profile></find></search> to the user.
2015-03-22 21:04:14 --> Got good Packet: search
2015-03-22 21:04:14 --> Return search XML: <search></search> to the user.
2015-03-22 21:06:48 --> Got good Packet: search
2015-03-22 21:06:48 --> Return search XML: <search><find><ip>127.0.0.1</ip><profile><info><user_id>nolan</user_id><first>NOLAN</first><last>Burfield</last><updated>SOMETIME</updated></info></profile></find></search> to the user.
2015-03-22 21:06:48 --> Got good Packet: search
2015-03-22 21:06:48 --> Return search XML: <search></search> to the user.
2015-03-22 21:07:06 --> Got good Packet: search
2015-03-22 21:07:06 --> Return search XML: <search><find><ip>127.0.0.1</ip><profile><info><user_id>nolan</user_id><first>NOLAN</first><last>Burfield</last><updated>SOMETIME</updated></info></profile></find></search> to the user.
2015-03-22 21:07:06 --> Got good Packet: search
2015-03-22 21:07:06 --> Return search XML: <search></search> to the user.
2015-03-22 21:08:51 --> Got good Packet: login
2015-03-22 21:08:51 --> User nolan logged in.
2015-03-22 21:08:56 --> Got good Packet: search
2015-03-22 21:08:56 --> Return search XML: <search><find><ip>127.0.0.1</ip><profile><info><user_id>nolan</user_id><first>NOLAN</first><last>Burfield</last><updated>SOMETIME</updated></info></profile></find></search> to the user.
2015-03-22 21:08:56 --> Got good Packet: search
2015-03-22 21:08:56 --> Return search XML: <search></search> to the user.
2015-03-22 21:14:16 --> Got good Packet: quit
2015-03-22 21:14:16 --> User nolan logged out.
2015-03-22 21:24:59 --> Got good Packet: login
2015-03-22 21:24:59 --> User nolan logged in.
2015-03-22 21:26:17 --> Got good Packet: login
2015-03-22 21:26:17 --> User nolan logged in.
2015-03-22 21:28:05 --> Got good Packet: login
2015-03-22 21:28:05 --> User nolan logged in.
2015-03-22 21:28:15 --> Got good Packet: update
2015-03-22 21:28:15 --> Updated the user profile with - Time: SOMETIME Body - <profile><info><user_id>nolan</user_id><first>NOLAN</first><last>Burfield</last><ip></ip><updated>SOMETIME</updated></info></profile>
2015-03-22 21:30:53 --> Got good Packet: update
2015-03-22 21:30:54 --> Updated the user profile with - Time: SOMETIME Body - <profile><info><user_id>nolan</user_id><first>NOLAN</first><last>Burfield</last><ip>127.0.0.1</ip><updated>SOMETIME</updated></info></profile>
2015-03-22 21:31:29 --> Got good Packet: search
2015-03-22 21:31:29 --> Return search XML: <search><find><profile><info><user_id>nolan</user_id><first>NOLAN</first><last>Burfield</last><ip>127.0.0.1</ip><updated>SOMETIME</updated></info></profile></find></search> to the user.
2015-03-22 21:31:29 --> Got good Packet: search
2015-03-22 21:31:29 --> Return search XML: <search><find><profile><info><user_id>nolan</user_id><first>NOLAN</first><last>Burfield</last><ip>127.0.0.1</ip><updated>SOMETIME</updated></info></profile></find></search> to the user.
2015-03-22 21:34:59 --> Got good Packet: quit
2015-03-22 21:34:59 --> User nolan logged out.
2015-03-22 21:35:06 --> Got good Packet: login
2015-03-22 21:35:06 --> User nolan logged in.
2015-03-22 21:35:15 --> Got good Packet: search
2015-03-22 21:35:15 --> Return search XML: <search><find><profile><info><user_id>nolan</user_id><first>NOLAN</first><last>Burfield</last><ip>127.0.0.1</ip><updated>SOMETIME</updated></info></profile></find></search> to the user.
2015-03-22 21:35:15 --> Got good Packet: search
2015-03-22 21:35:15 --> Return search XML: <search><find><profile><info><user_id>nolan</user_id><first>NOLAN</first><last>Burfield</last><ip>127.0.0.1</ip><updated>SOMETIME</updated></info></profile></find></search> to the user.
2015-03-22 21:36:05 --> Got good Packet: quit
2015-03-22 21:36:05 --> User nolan logged out.
2015-03-22 21:36:10 --> Got good Packet: login
2015-03-22 21:36:10 --> User nolan logged in.
2015-03-22 21:36:21 --> Got good Packet: search
2015-03-22 21:36:21 --> Return search XML: <search><find><profile><info><user_id>nolan</user_id><first>NOLAN</first><last>Burfield</last><ip>127.0.0.1</ip><updated>SOMETIME</updated></info></profile></find></search> to the user.
2015-03-22 21:36:21 --> Got good Packet: search
2015-03-22 21:36:21 --> Return search XML: <search><find><profile><info><user_id>nolan</user_id><first>NOLAN</first><last>Burfield</last><ip>127.0.0.1</ip><updated>SOMETIME</updated></info></profile></find></search> to the user.
2015-03-22 21:50:31 --> Got good Packet: quit
2015-03-22 21:50:31 --> User nolan logged out.
2015-03-22 21:50:42 --> Got good Packet: login
2015-03-22 21:50:42 --> User nolan logged in.
2015-03-22 21:50:45 --> Got good Packet: search
2015-03-22 21:50:45 --> Return search XML: <search><find><profile><info><user_id>nolan</user_id><first>NOLAN</first><last>Burfield</last><ip>127.0.0.1</ip><updated>SOMETIME</updated></info></profile></find></search> to the user.
2015-03-22 21:51:10 --> Got good Packet: quit
2015-03-22 21:51:10 --> User nolan logged out.
2015-03-22 21:51:16 --> Got good Packet: login
2015-03-22 21:51:16 --> User nolan logged in.
2015-03-22 21:51:19 --> Got good Packet: search
2015-03-22 21:51:19 --> Return search XML: <search><find><profile><info><user_id>nolan</user_id><first>NOLAN</first><last>Burfield</last><ip>127.0.0.1</ip><updated>SOMETIME</updated></info></profile></find></search> to the user.
2015-03-22 21:51:19 --> Got good Packet: search
2015-03-22 21:51:19 --> Return search XML: <search><find><profile><info><user_id>nolan</user_id><first>NOLAN</first><last>Burfield</last><ip>127.0.0.1</ip><updated>SOMETIME</updated></info></profile></find></search> to the user.
2015-03-22 21:51:29 --> Got good Packet: quit
2015-03-22 21:51:29 --> User nolan logged out.
2015-03-22 21:53:54 --> Got good Packet: login
2015-03-22 21:53:54 --> User nolan logged in.
2015-03-22 21:53:58 --> Got good Packet: search
2015-03-22 21:53:58 --> Return search XML: <search><find><profile><info><user_id>nolan</user_id><first>NOLAN</first><last>Burfield</last><ip>127.0.0.1</ip><updated>SOMETIME</updated></info></profile></find></search> to the user.
2015-03-22 21:54:11 --> Got good Packet: quit
2015-03-22 21:54:11 --> User nolan logged out.
2015-03-22 21:58:07 --> Got good Packet: login
2015-03-22 21:58:07 --> User nolan logged in.
2015-03-22 21:59:25 --> Got good Packet: quit
2015-03-22 21:59:25 --> User nolan logged out.
2015-03-22 21:59:34 --> Got good Packet: login
2015-03-22 21:59:34 --> User nolan logged in.
2015-03-22 22:01:01 --> Got good Packet: quit
2015-03-22 22:01:01 --> User nolan logged out.
2015-03-22 22:01:05 --> Got good Packet: login
2015-03-22 22:01:05 --> User nolan logged in.
2015-03-22 22:02:02 --> Got good Packet: quit
2015-03-22 22:02:02 --> User nolan logged out.
2015-03-22 22:02:07 --> Got good Packet: login
2015-03-22 22:02:07 --> User nolan logged in.
2015-03-22 22:03:24 --> Got good Packet: quit
2015-03-22 22:03:24 --> User nolan logged out.
2015-03-22 22:03:59 --> Got good Packet: login
2015-03-22 22:03:59 --> User nolan logged in.
2015-03-22 22:04:56 --> Got good Packet: quit
2015-03-22 22:04:56 --> User nolan logged out.
2015-03-22 22:05:03 --> Got good Packet: login
2015-03-22 22:05:03 --> User nolan logged in.
2015-03-22 22:05:28 --> Got good Packet: search
2015-03-22 22:05:28 --> Return search XML: <search></search> to the user.
2015-03-22 22:07:28 --> Got good Packet: quit
2015-03-22 22:07:28 --> User nolan logged out.
2015-03-22 22:07:32 --> Got good Packet: login
2015-03-22 22:07:32 --> User nolan logged in.
2015-03-22 22:07:37 --> Got good Packet: search
2015-03-22 22:07:37 --> Return search XML: <search></search> to the user.
2015-03-22 22:11:30 --> Got good Packet: quit
2015-03-22 22:11:30 --> User nolan logged out.
2015-03-22 22:12:06 --> Got good Packet: login
2015-03-22 22:12:06 --> User nolan logged in.
2015-03-22 22:12:45 --> Got good Packet: quit
2015-03-22 22:12:45 --> User nolan logged out.
2015-03-22 22:12:49 --> Got good Packet: login
2015-03-22 22:12:49 --> User nolan logged in.
2015-03-22 22:25:19 --> Got good Packet: search
2015-03-22 22:25:19 --> Return search XML: <search></search> to the user.
2015-03-22 22:25:29 --> Got good Packet: quit
2015-03-22 22:25:29 --> User nolan logged out.
2015-03-22 22:25:40 --> Got good Packet: login
2015-03-22 22:25:40 --> User nolan logged in.
2015-03-22 22:25:54 --> Got good Packet: search
2015-03-22 22:25:54 --> Return search XML: <search><find><profile><info><user_id>nolan</user_id><first>NOLAN</first><last>Burfield</last><ip>127.0.0.1</ip><updated>SOMETIME</updated></info></profile></find></search> to the user.
2015-03-22 22:26:57 --> Got good Packet: quit
2015-03-22 22:26:57 --> User nolan logged out.
2015-03-22 22:27:07 --> Got good Packet: login
2015-03-22 22:27:07 --> User nolan logged in.
2015-03-22 22:27:11 --> Got good Packet: search
2015-03-22 22:27:11 --> Return search XML: <search><find><profile><info><user_id>nolan</user_id><first>NOLAN</first><last>Burfield</last><ip>127.0.0.1</ip><updated>SOMETIME</updated></info></profile></find></search> to the user.
2015-03-22 22:27:11 --> Got good Packet: search
2015-03-22 22:27:11 --> Return search XML: <search><find><profile><info><user_id>nolan</user_id><first>NOLAN</first><last>Burfield</last><ip>127.0.0.1</ip><updated>SOMETIME</updated></info></profile></find></search> to the user.
2015-03-22 22:33:01 --> Got good Packet: quit
2015-03-22 22:33:01 --> User nolan logged out.
2015-03-22 22:36:33 --> Got good Packet: login
2015-03-22 22:36:33 --> User nolan logged in.
2015-03-22 22:36:51 --> Got good Packet: quit
2015-03-22 22:36:51 --> User nolan logged out.
2015-03-22 22:39:01 --> Got good Packet: login
2015-03-22 22:39:01 --> User nolan logged in.
2015-03-22 22:40:26 --> Got good Packet: quit
2015-03-22 22:40:26 --> User nolan logged out.
2015-03-22 22:40:30 --> Got good Packet: login
2015-03-22 22:40:30 --> User nolan logged in.
2015-03-22 22:40:59 --> Got good Packet: quit
2015-03-22 22:40:59 --> User nolan logged out.
2015-03-22 22:41:38 --> Got good Packet: login
2015-03-22 22:41:38 --> User nolan logged in.
2015-03-22 22:42:49 --> Got good Packet: quit
2015-03-22 22:42:49 --> User nolan logged out.
2015-03-22 22:42:53 --> Got good Packet: login
2015-03-22 22:42:53 --> User nolan logged in.
2015-03-22 22:43:11 --> Got good Packet: quit
2015-03-22 22:43:11 --> User nolan logged out.
2015-03-22 22:43:34 --> Got good Packet: login
2015-03-22 22:43:34 --> User nolan logged in.
2015-03-22 22:44:13 --> Got good Packet: quit
2015-03-22 22:44:13 --> User nolan logged out.
2015-03-22 22:45:13 --> Got good Packet: login
2015-03-22 22:45:13 --> User nolan logged in.
2015-03-22 22:47:40 --> Got good Packet: quit
2015-03-22 22:47:40 --> User nolan logged out.
2015-03-22 22:47:43 --> Got good Packet: login
2015-03-22 22:47:43 --> User nolan logged in.
2015-03-22 22:48:03 --> Got good Packet: quit
2015-03-22 22:48:03 --> User nolan logged out.
2015-03-22 22:49:42 --> Got good Packet: login
2015-03-22 22:49:42 --> User nolan logged in.
2015-03-22 22:50:00 --> Got good Packet: quit
2015-03-22 22:50:00 --> User nolan logged out.
2015-03-22 22:53:18 --> Got good Packet: login
2015-03-22 22:53:18 --> User nolan logged in.
2015-03-22 23:00:26 --> Got good Packet: quit
2015-03-22 23:00:26 --> User nolan logged out.
2015-03-22 23:00:43 --> Got good Packet: login
2015-03-22 23:00:43 --> User nolan logged in.
2015-03-22 23:00:54 --> Got good Packet: quit
2015-03-22 23:00:54 --> User nolan logged out.
2015-03-22 23:01:38 --> Got good Packet: quit
2015-03-22 23:06:10 --> Got good Packet: login
2015-03-22 23:06:10 --> User nolan logged in.
2015-03-22 23:06:19 --> Got good Packet: search
2015-03-22 23:06:19 --> Return search XML: <search><find><profile><info><user_id>nolan</user_id><first>NOLAN</first><last>Burfield</last><ip>127.0.0.1</ip><updated>SOMETIME</updated></info></profile></find></search> to the user.
2015-03-22 23:06:39 --> Got good Packet: quit
2015-03-22 23:06:39 --> User nolan logged out.
2015-03-22 23:11:06 --> Got good Packet: search
2015-03-22 23:11:06 --> Return search XML: <search><find><profile><info><user_id>nolan</user_id><first>NOLAN</first><last>Burfield</last><ip></ip><updated>SOMETIME</updated></info></profile></find></search> to the user.
2015-03-22 23:11:37 --> Got good Packet: quit
2015-03-22 23:11:40 --> Got good Packet: search
2015-03-22 23:11:40 --> Return search XML: <search><find><profile><info><user_id>nolan</user_id><first>NOLAN</first><last>Burfield</last><ip></ip><updated>SOMETIME</updated></info></profile></find></search> to the user.
2015-03-22 23:11:40 --> Got good Packet: login
2015-03-22 23:11:40 --> User nolan logged in.
2015-03-22 23:13:31 --> Got good Packet: quit
2015-03-22 23:13:31 --> User nolan logged out.
2015-03-22 23:13:45 --> Got good Packet: search
2015-03-22 23:13:45 --> Return search XML: <search><find><profile><info><user_id>nolan</user_id><first>NOLAN</first><last>Burfield</last><ip></ip><updated>SOMETIME</updated></info></profile></find></search> to the user.
2015-03-22 23:13:45 --> Got good Packet: login
2015-03-22 23:13:45 --> User nolan logged in.
2015-03-22 23:14:28 --> Got good Packet: quit
2015-03-22 23:14:28 --> User nolan logged out.
2015-03-22 23:14:35 --> Got good Packet: search
2015-03-22 23:14:35 --> Return search XML: <search><find><profile><info><user_id>nolan</user_id><first>NOLAN</first><last>Burfield</last><ip></ip><updated>SOMETIME</updated></info></profile></find></search> to the user.
2015-03-22 23:14:35 --> Got good Packet: login
2015-03-22 23:14:35 --> User nolan logged in.
2015-03-22 23:16:02 --> Got good Packet: quit
2015-03-22 23:16:02 --> User nolan logged out.
2015-03-22 23:16:12 --> Got good Packet: search
2015-03-22 23:16:12 --> Return search XML: <search><find><profile><info><user_id>nolan</user_id><first>NOLAN</first><last>Burfield</last><ip></ip><updated>SOMETIME</updated></info></profile></find></search> to the user.
2015-03-22 23:16:12 --> Got good Packet: login
2015-03-22 23:16:12 --> User nolan logged in.
2015-03-22 23:16:35 --> Got good Packet: quit
2015-03-22 23:16:35 --> User nolan logged out.
2015-03-22 23:16:38 --> Got good Packet: search
2015-03-22 23:16:38 --> Return search XML: <search><find><profile><info><user_id>nolan</user_id><first>NOLAN</first><last>Burfield</last><ip></ip><updated>SOMETIME</updated></info></profile></find></search> to the user.
2015-03-22 23:16:38 --> Got good Packet: login
2015-03-22 23:16:38 --> User nolan logged in.
2015-03-22 23:17:56 --> Got good Packet: quit
2015-03-22 23:17:56 --> User nolan logged out.
2015-03-22 23:18:03 --> Got good Packet: search
2015-03-22 23:18:03 --> Return search XML: <search><find><profile><info><user_id>nolan</user_id><first>NOLAN</first><last>Burfield</last><ip></ip><updated>SOMETIME</updated></info></profile></find></search> to the user.
2015-03-22 23:18:03 --> Got good Packet: login
2015-03-22 23:18:03 --> User nolan logged in.
2015-03-22 23:23:01 --> Got good Packet: quit
2015-03-22 23:23:01 --> User nolan logged out.
2015-03-22 23:23:04 --> Got good Packet: search
2015-03-22 23:23:04 --> Return search XML: <search><find><profile><info><user_id>nolan</user_id><first>NOLAN</first><last>Burfield</last><ip></ip><updated>SOMETIME</updated></info></profile></find></search> to the user.
2015-03-22 23:23:04 --> Got good Packet: login
2015-03-22 23:23:04 --> User nolan logged in.
2015-03-22 23:23:32 --> Got good Packet: quit
2015-03-22 23:23:32 --> User nolan logged out.
2015-03-22 23:24:11 --> Got good Packet: login
2015-03-22 23:24:11 --> User nolan logged in.
2015-03-22 23:24:59 --> Got good Packet: quit
2015-03-22 23:24:59 --> User nolan logged out.
2015-03-22 23:25:22 --> Got good Packet: login
2015-03-22 23:25:22 --> User nolan logged in.
2015-03-22 23:27:11 --> Got good Packet: quit
2015-03-22 23:27:11 --> User nolan logged out.
2015-03-22 23:27:15 --> Got good Packet: login
2015-03-22 23:27:15 --> User nolan logged in.
2015-03-22 23:27:15 --> Got good Packet: search
2015-03-22 23:27:15 --> Return search XML: <search><find><profile><info><user_id>nolan</user_id><first>NOLAN</first><last>Burfield</last><ip>127.0.0.1</ip><updated>SOMETIME</updated></info></profile></find></search> to the user.
2015-03-22 23:29:07 --> Got good Packet: quit
2015-03-22 23:29:07 --> User nolan logged out.
2015-03-22 23:29:23 --> Got good Packet: quit
2015-03-22 23:58:58 --> Got good Packet: quit
2015-03-22 23:59:23 --> Got good Packet: quit
2015-03-23 00:12:54 --> Got good Packet: login
2015-03-23 00:12:54 --> User nolan logged in.
2015-03-23 00:12:54 --> Got good Packet: search
2015-03-23 00:12:54 --> Return search XML: <search><find><profile><info><user_id>nolan</user_id><first>NOLAN</first><last>Burfield</last><ip>127.0.0.1</ip><updated>SOMETIME</updated></info></profile></find></search> to the user.
2015-03-23 00:13:11 --> Got good Packet: quit
2015-03-23 00:13:11 --> User nolan logged out.
2015-03-23 09:27:46 --> Got good Packet: login
2015-03-23 09:27:46 --> User nolan logged in.
2015-03-23 09:27:46 --> Got good Packet: search
2015-03-23 09:27:46 --> Return search XML: <search><find><profile><info><user_id>nolan</user_id><first>NOLAN</first><last>Burfield</last><ip>127.0.0.1</ip><updated>SOMETIME</updated></info></profile></find></search> to the user.
2015-03-23 09:28:23 --> Got good Packet: quit
2015-03-23 09:28:23 --> User nolan logged out.
2015-03-23 11:05:08 --> Got good Packet: login
2015-03-23 11:05:08 --> User nolan logged in.
2015-03-23 11:05:08 --> Got good Packet: search
2015-03-23 11:05:08 --> Return search XML: <search><find><profile><info><user_id>nolan</user_id><first>NOLAN</first><last>Burfield</last><ip>127.0.0.1</ip><updated>SOMETIME</updated></info></profile></find></search> to the user.
2015-03-23 11:05:24 --> Got good Packet: quit
2015-03-23 11:05:24 --> User nolan logged out.
2015-03-23 11:06:40 --> Got good Packet: login
2015-03-23 11:06:40 --> User nolan logged in.
2015-03-23 11:06:40 --> Got good Packet: search
2015-03-23 11:06:40 --> Return search XML: <search><find><profile><info><user_id>nolan</user_id><first>NOLAN</first><last>Burfield</last><ip>127.0.0.1</ip><updated>SOMETIME</updated></info></profile></find></search> to the user.
2015-03-23 11:15:48 --> Got good Packet: login
2015-03-23 11:15:48 --> User nolan logged in.
2015-03-23 11:15:48 --> Got good Packet: search
2015-03-23 11:15:48 --> Return search XML: <search><find><profile><info><user_id>nolan</user_id><first>NOLAN</first><last>Burfield</last><ip>127.0.0.1</ip><updated>SOMETIME</updated></info></profile></find></search> to the user.
2015-03-23 11:16:32 --> Got good Packet: quit
2015-03-23 11:16:32 --> User nolan logged out.
2015-03-23 12:13:17 --> Got good Packet: register
2015-03-23 12:13:17 --> Added User: ['tyler', 'Tyler', 'Allen', ''] to the system.
2015-03-23 12:13:57 --> Got good Packet: quit
2015-03-23 12:14:07 --> Got good Packet: login
2015-03-23 12:14:07 --> User tyler logged in.
2015-03-23 12:14:07 --> Got good Packet: search
2015-03-23 12:14:07 --> Return search XML: <search><find><profile><info><user_id>nolan</user_id><first>NOLAN</first><last>Burfield</last><ip></ip><updated>SOMETIME</updated></info></profile></find><find><profile><info><user_id>tyler</user_id><first>Tyler</first><last>Allen</last><ip>127.0.0.1</ip><updated>2015-03-23 12:13:17</updated></info></profile></find></search> to the user.
2015-03-23 12:14:38 --> Got good Packet: search
2015-03-23 12:14:38 --> Return search XML: <search><find><profile><info><user_id>nolan</user_id><first>NOLAN</first><last>Burfield</last><ip></ip><updated>SOMETIME</updated></info></profile></find></search> to the user.
2015-03-23 12:14:45 --> Got good Packet: quit
2015-03-23 12:15:28 --> Got good Packet: login
2015-03-23 12:15:28 --> User nolan logged in.
2015-03-23 12:15:28 --> Got good Packet: search
2015-03-23 12:15:28 --> Return search XML: <search><find><profile><info><user_id>nolan</user_id><first>NOLAN</first><last>Burfield</last><ip>127.0.0.1</ip><updated>SOMETIME</updated></info></profile></find><find><profile><info><user_id>tyler</user_id><first>Tyler</first><last>Allen</last><ip>127.0.0.1</ip><updated>2015-03-23 12:13:17</updated></info></profile></find></search> to the user.
2015-03-23 12:16:06 --> Got good Packet: search
2015-03-23 12:16:06 --> Return search XML: <search><find><profile><info><user_id>tyler</user_id><first>Tyler</first><last>Allen</last><ip>127.0.0.1</ip><updated>2015-03-23 12:13:17</updated></info></profile></find></search> to the user.
2015-03-23 12:16:06 --> Got good Packet: search
2015-03-23 12:16:06 --> Return search XML: <search><find><profile><info><user_id>nolan</user_id><first>NOLAN</first><last>Burfield</last><ip>127.0.0.1</ip><updated>SOMETIME</updated></info></profile></find><find><profile><info><user_id>tyler</user_id><first>Tyler</first><last>Allen</last><ip>127.0.0.1</ip><updated>2015-03-23 12:13:17</updated></info></profile></find></search> to the user.
2015-03-23 12:17:36 --> Got good Packet: quit
2015-03-23 12:17:36 --> User tyler logged out.
