2015-03-22 21:08:51 --> Sent the packet: LOGIN nolan
2015-03-22 21:08:56 --> Sent the packet: SEARCH nolan
2015-03-22 21:08:56 --> Sent the packet: SEARCH dfgs127.0.0.1
2015-03-22 21:14:16 --> Sent the packet: QUIT nolan
2015-03-22 21:24:59 --> Sent the packet: LOGIN nolan
2015-03-22 21:26:17 --> Sent the packet: LOGIN nolan
2015-03-22 21:26:55 --> Sent the packet: QUIT nolan
2015-03-22 21:28:05 --> Sent the packet: LOGIN nolan
2015-03-22 21:28:15 --> Sent the packet: UPDATE 134
2015-03-22 21:28:15 --> Head: SUCCESS Meta-data: ['SOMETIME', ''] Body: Update to the profile.
2015-03-22 21:30:53 --> Sent the packet: UPDATE 134
2015-03-22 21:30:54 --> Head: SUCCESS Meta-data: ['SOMETIME', ''] Body: Update to the profile.
2015-03-22 21:31:29 --> Sent the packet: SEARCH nolan
2015-03-22 21:31:29 --> Sent the packet: SEARCH dfgs127.0.0.1
2015-03-22 21:31:29 --> Recieved a friend request from: nolan
2015-03-22 21:34:59 --> Sent the packet: QUIT nolan
2015-03-22 21:35:06 --> Sent the packet: LOGIN nolan
2015-03-22 21:35:15 --> Sent the packet: SEARCH nolan
2015-03-22 21:35:15 --> Sent the packet: SEARCH 127.0.0.1
2015-03-22 21:35:15 --> Recieved a friend request from: nolan
2015-03-22 21:36:05 --> Sent the packet: QUIT nolan
2015-03-22 21:36:10 --> Sent the packet: LOGIN nolan
2015-03-22 21:36:21 --> Sent the packet: SEARCH nolan
2015-03-22 21:36:21 --> Sent the friend request to user: nolan at IP: 127.0.0.1
2015-03-22 21:36:21 --> Sent the packet: SEARCH 127.0.0.1
2015-03-22 21:36:21 --> Recieved a friend request from: nolan
2015-03-22 21:50:31 --> Sent the packet: QUIT nolan
2015-03-22 21:50:42 --> Sent the packet: LOGIN nolan
2015-03-22 21:50:45 --> Sent the packet: SEARCH nolan
2015-03-22 21:51:10 --> Sent the packet: QUIT nolan
2015-03-22 21:51:16 --> Sent the packet: LOGIN nolan
2015-03-22 21:51:19 --> Sent the packet: SEARCH nolan
2015-03-22 21:51:19 --> Sent the friend request to user: nolan at IP: 127.0.0.1
2015-03-22 21:51:19 --> Sent the packet: SEARCH 127.0.0.1
2015-03-22 21:51:19 --> Recieved a friend request from: nolan
2015-03-22 21:51:29 --> Sent the packet: QUIT nolan
2015-03-22 21:53:54 --> Sent the packet: LOGIN nolan
2015-03-22 21:53:58 --> Sent the packet: SEARCH nolan
2015-03-22 21:54:11 --> Sent the packet: QUIT nolan
2015-03-22 21:58:07 --> Sent the packet: LOGIN nolan
2015-03-22 21:59:25 --> Sent the packet: QUIT nolan
2015-03-22 21:59:34 --> Sent the packet: LOGIN nolan
2015-03-22 22:01:01 --> Sent the packet: QUIT nolan
2015-03-22 22:01:05 --> Sent the packet: LOGIN nolan
2015-03-22 22:02:02 --> Sent the packet: QUIT nolan
2015-03-22 22:02:07 --> Sent the packet: LOGIN nolan
2015-03-22 22:03:24 --> Sent the packet: QUIT nolan
2015-03-22 22:03:59 --> Sent the packet: LOGIN nolan
2015-03-22 22:04:56 --> Sent the packet: QUIT nolan
2015-03-22 22:05:03 --> Sent the packet: LOGIN nolan
2015-03-22 22:05:28 --> Sent the packet: SEARCH end
2015-03-22 22:07:28 --> Sent the packet: QUIT nolan
2015-03-22 22:07:32 --> Sent the packet: LOGIN nolan
2015-03-22 22:07:37 --> Sent the packet: SEARCH end
2015-03-22 22:11:30 --> Sent the packet: QUIT nolan
2015-03-22 22:12:06 --> Sent the packet: LOGIN nolan
2015-03-22 22:12:45 --> Sent the packet: QUIT nolan
2015-03-22 22:12:49 --> Sent the packet: LOGIN nolan
2015-03-22 22:25:19 --> Sent the packet: SEARCH end
2015-03-22 22:25:29 --> Sent the packet: QUIT nolan
2015-03-22 22:25:40 --> Sent the packet: LOGIN nolan
2015-03-22 22:25:54 --> Sent the packet: SEARCH nolan
2015-03-22 22:26:57 --> Sent the packet: QUIT nolan
2015-03-22 22:27:07 --> Sent the packet: LOGIN nolan
2015-03-22 22:27:11 --> Sent the packet: SEARCH nolan
2015-03-22 22:27:11 --> Sent the friend request to user: nolan at IP: 127.0.0.1
2015-03-22 22:27:11 --> Sent the packet: SEARCH 127.0.0.1
2015-03-22 22:33:01 --> Sent the packet: QUIT nolan
2015-03-22 22:36:33 --> Sent the packet: LOGIN nolan
2015-03-22 22:36:51 --> Sent the packet: QUIT nolan
2015-03-22 22:39:01 --> Sent the packet: LOGIN nolan
2015-03-22 22:40:26 --> Sent the packet: QUIT nolan
2015-03-22 22:40:30 --> Sent the packet: LOGIN nolan
2015-03-22 22:40:59 --> Sent the packet: QUIT nolan
2015-03-22 22:41:38 --> Sent the packet: LOGIN nolan
2015-03-22 22:42:49 --> Sent the packet: QUIT nolan
2015-03-22 22:42:53 --> Sent the packet: LOGIN nolan
2015-03-22 22:43:11 --> Sent the packet: QUIT nolan
2015-03-22 22:43:34 --> Sent the packet: LOGIN nolan
2015-03-22 22:43:43 --> Sent the friend request confirmation to user: nolan at IP: 127.0.0.1
2015-03-22 22:44:13 --> Sent the packet: QUIT nolan
2015-03-22 22:45:13 --> Sent the packet: LOGIN nolan
2015-03-22 22:47:40 --> Sent the packet: QUIT nolan
2015-03-22 22:47:43 --> Sent the packet: LOGIN nolan
2015-03-22 22:47:53 --> Sent the friend request confirmation to user: nolan at IP: 127.0.0.1
2015-03-22 22:48:03 --> Sent the packet: QUIT nolan
2015-03-22 22:49:42 --> Sent the packet: LOGIN nolan
2015-03-22 22:50:00 --> Sent the packet: QUIT nolan
2015-03-22 22:53:18 --> Sent the packet: LOGIN nolan
2015-03-22 23:00:26 --> Sent the packet: QUIT nolan
2015-03-22 23:00:43 --> Sent the packet: LOGIN nolan
2015-03-22 23:00:54 --> Sent the packet: QUIT nolan
2015-03-22 23:01:38 --> Sent the packet: QUIT nolan
2015-03-22 23:06:10 --> Sent the packet: LOGIN nolan
2015-03-22 23:06:19 --> Sent the packet: SEARCH  
2015-03-22 23:06:19 --> Head: RESULTS Meta-data: ['177', ''] Body: <search><find><profile><info><user_id>nolan</user_id><first>NOLAN</first><last>Burfield</last><ip>127.0.0.1</ip><updated>SOMETIME</updated></info></profile></find></search>
2015-03-22 23:06:39 --> Sent the packet: QUIT nolan
2015-03-22 23:11:37 --> Sent the packet: QUIT nolan
2015-03-22 23:11:40 --> Sent the packet: SEARCH  
2015-03-22 23:11:40 --> Sent the packet: LOGIN nolan
2015-03-22 23:13:31 --> Sent the packet: QUIT nolan
2015-03-22 23:13:45 --> Sent the packet: SEARCH  
2015-03-22 23:13:45 --> Sent the packet: LOGIN nolan
2015-03-22 23:14:28 --> Sent the packet: QUIT nolan
2015-03-22 23:14:35 --> Sent the packet: SEARCH  
2015-03-22 23:14:35 --> Sent the packet: LOGIN nolan
2015-03-22 23:16:02 --> Sent the packet: QUIT nolan
2015-03-22 23:16:12 --> Sent the packet: SEARCH  
2015-03-22 23:16:12 --> Sent the packet: LOGIN nolan
2015-03-22 23:16:35 --> Sent the packet: QUIT nolan
2015-03-22 23:16:38 --> Sent the packet: SEARCH  
2015-03-22 23:16:38 --> Sent the packet: LOGIN nolan
2015-03-22 23:17:56 --> Sent the packet: QUIT nolan
2015-03-22 23:18:03 --> Sent the packet: SEARCH  
2015-03-22 23:18:03 --> Sent the packet: LOGIN nolan
2015-03-22 23:23:01 --> Sent the packet: QUIT nolan
2015-03-22 23:23:04 --> Sent the packet: SEARCH  
2015-03-22 23:23:04 --> Sent the packet: LOGIN nolan
2015-03-22 23:23:32 --> Sent the packet: QUIT nolan
2015-03-22 23:24:11 --> Sent the packet: LOGIN nolan
2015-03-22 23:24:59 --> Sent the packet: QUIT nolan
2015-03-22 23:25:22 --> Sent the packet: LOGIN nolan
2015-03-22 23:27:11 --> Sent the packet: QUIT nolan
2015-03-22 23:27:15 --> Sent the packet: LOGIN nolan
2015-03-22 23:27:15 --> Sent the packet: SEARCH  
2015-03-22 23:29:07 --> Sent the packet: QUIT nolan
2015-03-22 23:29:23 --> Sent the packet: QUIT nolan
2015-03-22 23:58:58 --> Sent the packet: QUIT nolan
2015-03-22 23:59:03 --> Sent the HI to user: nolan
2015-03-22 23:59:23 --> Sent the packet: QUIT nolan
2015-03-23 00:12:54 --> Sent the packet: LOGIN nolan
2015-03-23 00:12:54 --> Sent the packet: SEARCH  
2015-03-23 00:13:11 --> Sent the packet: QUIT nolan
2015-03-23 09:27:39 --> Sent the HI to user: nolan
2015-03-23 09:27:39 --> Ran A HI Message from IP: 127.0.0.1
2015-03-23 09:27:46 --> Sent the packet: LOGIN nolan
2015-03-23 09:27:46 --> Sent the packet: SEARCH  
2015-03-23 09:27:53 --> Sent the HI to user: nolan
2015-03-23 09:27:53 --> Ran A HI Message from IP: 127.0.0.1
2015-03-23 09:28:23 --> Sent the packet: QUIT nolan
2015-03-23 11:05:08 --> Sent the packet: LOGIN nolan
2015-03-23 11:05:08 --> Sent the packet: SEARCH  
2015-03-23 11:05:24 --> Sent the packet: QUIT nolan
2015-03-23 11:06:40 --> Sent the packet: LOGIN nolan
2015-03-23 11:06:40 --> Sent the packet: SEARCH  
2015-03-23 11:15:48 --> Sent the packet: LOGIN nolan
2015-03-23 11:15:48 --> Sent the packet: SEARCH  
2015-03-23 11:16:02 --> Sent the chat to user: nolan - message: hello her is a mesage
2015-03-23 11:16:32 --> Sent the packet: QUIT nolan
2015-03-23 12:14:45 --> Sent the packet: QUIT nolan
2015-03-23 12:15:28 --> Sent the packet: LOGIN nolan
2015-03-23 12:15:28 --> Sent the packet: SEARCH  
2015-03-23 12:16:06 --> Sent the packet: SEARCH tyler
2015-03-23 12:16:06 --> Sent the friend request to user: tyler at IP: 127.0.0.1
